0 info it worked if it ends with ok
1 verbose cli [ '/usr/local/Cellar/node/6.5.0/bin/node',
1 verbose cli   '/usr/local/bin/npm',
1 verbose cli   's' ]
2 info using npm@3.10.3
3 info using node@v6.5.0
4 verbose stack Error: search must be called with arguments
4 verbose stack     at EventEmitter.search (/usr/local/lib/node_modules/npm/lib/search.js:57:15)
4 verbose stack     at Object.commandCache.(anonymous function) (/usr/local/lib/node_modules/npm/lib/npm.js:124:13)
4 verbose stack     at EventEmitter.<anonymous> (/usr/local/lib/node_modules/npm/bin/npm-cli.js:73:30)
4 verbose stack     at _combinedTickCallback (internal/process/next_tick.js:67:7)
4 verbose stack     at process._tickCallback (internal/process/next_tick.js:98:9)
5 verbose cwd /Users/blesh/GitHub/blesh/rxjs-workshop-ng/src/stocks
6 error Darwin 15.5.0
7 error argv "/usr/local/Cellar/node/6.5.0/bin/node" "/usr/local/bin/npm" "s"
8 error node v6.5.0
9 error npm  v3.10.3
10 error search must be called with arguments
11 error If you need help, you may report this error at:
11 error     <https://github.com/npm/npm/issues>
12 verbose exit [ 1, true ]
